[11:23:35] This is prokka 1.14.6
[11:23:35] Written by Torsten Seemann <torsten.seemann@gmail.com>
[11:23:35] Homepage is https://github.com/tseemann/prokka
[11:23:35] Local time is Sun Mar 17 11:23:35 2024
[11:23:35] You are sgmn0223
[11:23:35] Operating system is linux
[11:23:35] You have BioPerl 1.7.8
[11:23:35] System has 8 cores.
[11:23:35] Will use maximum of 8 cores.
[11:23:35] Annotating as >>> Bacteria <<<
[11:23:35] Generating locus_tag from '06.fixstart.fasta' contents.
[11:23:35] Setting --locustag CKKKJKGP from MD5 c4443409f0fa80e8c6d81ee2f390adc6
[11:23:35] Creating new output folder: ./Prokka_output
[11:23:35] Running: mkdir -p \.\/Prokka_output
[11:23:35] Using filename prefix: PROKKA_03172024.XXX
[11:23:35] Setting HMMER_NCPU=1
[11:23:35] Writing log to: ./Prokka_output/PROKKA_03172024.log
[11:23:35] Command: /var2/sgmn0223/Tool_Box/anaconda3/bin/prokka -outdir ./Prokka_output 06.fixstart.fasta
[11:23:35] Appending to PATH: /var2/sgmn0223/Tool_Box/anaconda3/bin
[11:23:35] Looking for 'aragorn' - found /var2/sgmn0223/Tool_Box/anaconda3/bin/aragorn
[11:23:35] Determined aragorn version is 001002 from 'ARAGORN v1.2.41 Dean Laslett'
[11:23:35] Looking for 'barrnap' - found /var2/sgmn0223/Tool_Box/anaconda3/bin/barrnap
[11:23:35] Determined barrnap version is 000009 from 'barrnap 0.9'
[11:23:35] Looking for 'blastp' - found /var2/sgmn0223/Tool_Box/anaconda3/bin/blastp
[11:23:35] Determined blastp version is 002014 from 'blastp: 2.14.1+'
[11:23:35] Looking for 'cmpress' - found /var2/sgmn0223/Tool_Box/anaconda3/bin/cmpress
[11:23:35] Determined cmpress version is 001001 from '# INFERNAL 1.1.5 (Sep 2023)'
[11:23:35] Looking for 'cmscan' - found /var2/sgmn0223/Tool_Box/anaconda3/bin/cmscan
[11:23:35] Determined cmscan version is 001001 from '# INFERNAL 1.1.5 (Sep 2023)'
[11:23:35] Looking for 'egrep' - found /usr/bin/egrep
[11:23:35] Looking for 'find' - found /usr/bin/find
[11:23:35] Looking for 'grep' - found /usr/bin/grep
[11:23:35] Looking for 'hmmpress' - found /var2/sgmn0223/Tool_Box/anaconda3/bin/hmmpress
[11:23:35] Determined hmmpress version is 003004 from '# HMMER 3.4 (Aug 2023); http://hmmer.org/'
[11:23:35] Looking for 'hmmscan' - found /var2/sgmn0223/Tool_Box/anaconda3/bin/hmmscan
[11:23:35] Determined hmmscan version is 003004 from '# HMMER 3.4 (Aug 2023); http://hmmer.org/'
[11:23:35] Looking for 'java' - found /var2/sgmn0223/Tool_Box/anaconda3/bin/java
[11:23:35] Looking for 'makeblastdb' - found /var2/sgmn0223/Tool_Box/anaconda3/bin/makeblastdb
[11:23:35] Determined makeblastdb version is 002014 from 'makeblastdb: 2.14.1+'
[11:23:35] Looking for 'minced' - found /var2/sgmn0223/Tool_Box/anaconda3/bin/minced
[11:23:35] Determined minced version is 004002 from 'minced 0.4.2'
[11:23:35] Looking for 'parallel' - found /var2/sgmn0223/Tool_Box/anaconda3/bin/parallel
[11:23:36] Determined parallel version is 20240122 from 'GNU parallel 20240122'
[11:23:36] Looking for 'prodigal' - found /home/sgmn0223/Tool_Box/prodigal
[11:23:36] Determined prodigal version is 002006 from 'Prodigal V2.6.3: February, 2016'
[11:23:36] Looking for 'prokka-genbank_to_fasta_db' - found /var2/sgmn0223/Tool_Box/anaconda3/bin/prokka-genbank_to_fasta_db
[11:23:36] Looking for 'sed' - found /usr/bin/sed
[11:23:36] Looking for 'tbl2asn' - found /var2/sgmn0223/Tool_Box/anaconda3/bin/tbl2asn
[11:23:36] Determined tbl2asn version is 025007 from 'tbl2asn 25.7   arguments:'
[11:23:36] Using genetic code table 11.
[11:23:36] Loading and checking input file: 06.fixstart.fasta
[11:23:36] Wrote 1 contigs totalling 4860489 bp.
[11:23:36] Predicting tRNAs and tmRNAs
[11:23:36] Running: aragorn -l -gc11  -w \.\/Prokka_output\/PROKKA_03172024\.fna
[11:23:38] 1 tRNA-SeC c[47670,47764] 35 (tca)
[11:23:38] 2 tRNA-Pro [174773,174849] 35 (cgg)
[11:23:38] 3 tRNA-Ile [446327,446403] 35 (gat)
[11:23:38] 4 tRNA-Ala [446446,446521] 34 (tgc)
[11:23:38] 5 tRNA-Thr [449833,449908] 34 (ggt)
[11:23:38] 6 tRNA-Leu [544603,544689] 35 (gag)
[11:23:38] 7 tRNA-Met [547592,547668] 35 (cat)
[11:23:38] 8 tRNA-Met c[657333,657408] 34 (cat)
[11:23:38] 9 tRNA-Phe c[775405,775480] 34 (gaa)
[11:23:38] 10 tRNA-Gly [895485,895558] 33 (ccc)
[11:23:38] 11 tRNA-Met c[994803,994879] 35 (cat)
[11:23:38] 12 tRNA-Met c[994913,994989] 35 (cat)
[11:23:38] 13 tRNA-Met c[995023,995099] 35 (cat)
[11:23:38] 14 tRNA-Ser [1126770,1126862] 35 (gct)
[11:23:38] 15 tRNA-Arg [1126866,1126942] 35 (acg)
[11:23:38] 16 tRNA-Arg [1127142,1127218] 35 (acg)
[11:23:38] 17 tRNA-Arg [1127417,1127493] 35 (acg)
[11:23:38] 18 tRNA-Arg [1127691,1127767] 35 (acg)
[11:23:38] 19 tRNA-Met [1159891,1159966] 34 (cat)
[11:23:38] 20 tmRNA c[1217520,1217882] 90,125 ANDENYALAA**
[11:23:38] 21 tRNA-Glu [1244622,1244697] 35 (ttc)
[11:23:38] 22 tRNA-Lys c[1444704,1444779] 34 (ttt)
[11:23:38] 23 tRNA-Val c[1444784,1444859] 34 (tac)
[11:23:38] 24 tRNA-Val c[1444904,1444979] 34 (tac)
[11:23:38] 25 tRNA-Ala [1447679,1447754] 34 (ggc)
[11:23:38] 26 tRNA-Ala [1447794,1447869] 34 (ggc)
[11:23:38] 27 tRNA-Ala [1447909,1447984] 34 (ggc)
[11:23:38] 28 tRNA-Arg c[1498528,1498602] 34 (cct)
[11:23:38] 29 tRNA-Pro c[1669692,1669768] 35 (ggg)
[11:23:38] 30 tRNA-Asn c[1960514,1960589] 34 (gtt)
[11:23:38] 31 tRNA-Asn c[1962923,1962998] 34 (gtt)
[11:23:38] 32 tRNA-Asn [1964747,1964822] 34 (gtt)
[11:23:38] 33 tRNA-Asn c[1984767,1984842] 34 (gtt)
[11:23:38] 34 tRNA-Ser [1985834,1985923] 35 (cga)
[11:23:38] 35 tRNA-Gly [2035813,2035888] 34 (gcc)
[11:23:38] 36 tRNA-Cys [2035943,2036016] 33 (gca)
[11:23:38] 37 tRNA-Leu [2036029,2036115] 35 (taa)
[11:23:38] 38 tRNA-Val c[2279873,2279949] 35 (gac)
[11:23:38] 39 tRNA-Val c[2279954,2280030] 35 (gac)
[11:23:38] 40 tRNA-Tyr [2717444,2717528] 35 (gta)
[11:23:38] 41 tRNA-Tyr [2717563,2717647] 35 (gta)
[11:23:38] 42 tRNA-Ser [2890539,2890626] 35 (gga)
[11:23:38] 43 tRNA-Ser [2946579,2946666] 35 (tga)
[11:23:38] 44 tRNA-Ser [3085312,3085399] 35 (gga)
[11:23:38] 45 tRNA-Lys c[3268233,3268308] 34 (ttt)
[11:23:38] 46 tRNA-Lys c[3268342,3268417] 34 (ttt)
[11:23:38] 47 tRNA-Lys c[3268564,3268639] 34 (ttt)
[11:23:38] 48 tRNA-Val c[3268643,3268718] 34 (tac)
[11:23:38] 49 tRNA-Lys c[3268868,3268943] 34 (ttt)
[11:23:38] 50 tRNA-Val c[3268946,3269021] 34 (tac)
[11:23:38] 51 tRNA-Lys c[3269157,3269232] 34 (ttt)
[11:23:38] 52 tRNA-Met [3361978,3362054] 35 (cat)
[11:23:38] 53 tRNA-Leu [3362063,3362147] 35 (tag)
[11:23:38] 54 tRNA-Gln [3362171,3362245] 33 (ttg)
[11:23:38] 55 tRNA-Gln [3362280,3362354] 33 (ttg)
[11:23:38] 56 tRNA-Met [3362370,3362446] 35 (cat)
[11:23:38] 57 tRNA-Gln [3362495,3362569] 33 (ctg)
[11:23:38] 58 tRNA-Gln [3362607,3362681] 33 (ctg)
[11:23:38] 59 tRNA-Arg c[3472416,3472492] 35 (tct)
[11:23:38] 60 tRNA-Ser c[3679140,3679220] 38 (gga)
[11:23:38] 61 tRNA-Thr c[3742172,3742247] 34 (cgt)
[11:23:38] 62 tRNA-Asp c[3800472,3800548] 35 (gtc)
[11:23:38] 63 tRNA-His [3838707,3838800] 34 (gtg)
[11:23:38] 64 tRNA-Asp c[3845475,3845551] 35 (gtc)
[11:23:38] 65 tRNA-Ala c[3848906,3848981] 34 (tgc)
[11:23:38] 66 tRNA-Ile c[3849024,3849100] 35 (gat)
[11:23:38] 67 tRNA-Leu [4107517,4107603] 35 (cag)
[11:23:38] 68 tRNA-Leu [4107632,4107718] 35 (cag)
[11:23:38] 69 tRNA-Leu [4107753,4107839] 35 (cag)
[11:23:38] 70 tRNA-Leu c[4227819,4227903] 35 (caa)
[11:23:38] 71 tRNA-Gly c[4326220,4326295] 34 (gcc)
[11:23:38] 72 tRNA-Gly c[4326331,4326406] 34 (gcc)
[11:23:38] 73 tRNA-Gly c[4326443,4326518] 34 (gcc)
[11:23:38] 74 tRNA-Phe [4355681,4355756] 34 (gaa)
[11:23:38] 75 tRNA-Glu c[4523852,4523927] 35 (ttc)
[11:23:38] 76 tRNA-Thr c[4557080,4557155] 34 (ggt)
[11:23:38] 77 tRNA-Gly c[4557162,4557236] 34 (tcc)
[11:23:38] 78 tRNA-Tyr c[4557353,4557437] 35 (gta)
[11:23:38] 79 tRNA-Thr c[4557446,4557521] 34 (tgt)
[11:23:38] 80 tRNA-Glu c[4564462,4564537] 35 (ttc)
[11:23:38] 81 tRNA-Ala c[4703530,4703605] 34 (tgc)
[11:23:38] 82 tRNA-Ile c[4703648,4703724] 35 (gat)
[11:23:38] 83 tRNA-Pro c[4756322,4756398] 35 (tgg)
[11:23:38] 84 tRNA-Leu c[4756441,4756527] 35 (cag)
[11:23:38] 85 tRNA-His c[4756548,4756623] 34 (gtg)
[11:23:38] 86 tRNA-Arg c[4756682,4756758] 35 (ccg)
[11:23:38] 87 tRNA-Trp c[4792057,4792132] 34 (cca)
[11:23:38] 88 tRNA-Asp c[4792141,4792217] 35 (gtc)
[11:23:38] 89 tRNA-Glu c[4795579,4795654] 35 (ttc)
[11:23:38] Found 89 tRNAs
[11:23:38] Predicting Ribosomal RNAs
[11:23:38] Running Barrnap with 8 threads
[11:23:41] 1 NODE_1_length_4855568_cov_123.207395 444720 16S ribosomal RNA
[11:23:41] 2 NODE_1_length_4855568_cov_123.207395 446707 23S ribosomal RNA
[11:23:41] 3 NODE_1_length_4855568_cov_123.207395 449705 5S ribosomal RNA
[11:23:41] 4 NODE_1_length_4855568_cov_123.207395 449950 5S ribosomal RNA
[11:23:41] 5 NODE_1_length_4855568_cov_123.207395 1242912 16S ribosomal RNA
[11:23:41] 6 NODE_1_length_4855568_cov_123.207395 1244893 23S ribosomal RNA
[11:23:41] 7 NODE_1_length_4855568_cov_123.207395 1247891 5S ribosomal RNA
[11:23:41] 8 NODE_1_length_4855568_cov_123.207395 3845609 5S ribosomal RNA
[11:23:41] 9 NODE_1_length_4855568_cov_123.207395 3845817 23S ribosomal RNA
[11:23:41] 10 NODE_1_length_4855568_cov_123.207395 3849170 16S ribosomal RNA
[11:23:41] 11 NODE_1_length_4855568_cov_123.207395 4520554 5S ribosomal RNA
[11:23:41] 12 NODE_1_length_4855568_cov_123.207395 4520762 23S ribosomal RNA
[11:23:41] 13 NODE_1_length_4855568_cov_123.207395 4524014 16S ribosomal RNA
[11:23:41] 14 NODE_1_length_4855568_cov_123.207395 4561158 5S ribosomal RNA
[11:23:41] 15 NODE_1_length_4855568_cov_123.207395 4561366 23S ribosomal RNA
[11:23:41] 16 NODE_1_length_4855568_cov_123.207395 4564624 16S ribosomal RNA
[11:23:41] 17 NODE_1_length_4855568_cov_123.207395 4700233 5S ribosomal RNA
[11:23:41] 18 NODE_1_length_4855568_cov_123.207395 4700441 23S ribosomal RNA
[11:23:41] 19 NODE_1_length_4855568_cov_123.207395 4703794 16S ribosomal RNA
[11:23:41] 20 NODE_1_length_4855568_cov_123.207395 4792275 5S ribosomal RNA
[11:23:41] 21 NODE_1_length_4855568_cov_123.207395 4792483 23S ribosomal RNA
[11:23:41] 22 NODE_1_length_4855568_cov_123.207395 4795741 16S ribosomal RNA
[11:23:41] Found 22 rRNAs
[11:23:41] Skipping ncRNA search, enable with --rfam if desired.
[11:23:41] Total of 110 tRNA + rRNA features
[11:23:41] Searching for CRISPR repeats
[11:23:42] CRISPR1 NODE_1_length_4855568_cov_123.207395 1037917 with 16 spacers
[11:23:42] CRISPR2 NODE_1_length_4855568_cov_123.207395 1064560 with 29 spacers
[11:23:42] Found 2 CRISPRs
[11:23:42] Predicting coding sequences
[11:23:42] Contigs total 4860489 bp, so using single mode
[11:23:42] Running: prodigal -i \.\/Prokka_output\/PROKKA_03172024\.fna -c -m -g 11 -p single -f sco -q
[11:23:54] Excluding CDS which overlaps existing RNA (rRNA) at NODE_1_length_4855568_cov_123.207395:445904..446158 on + strand
[11:23:54] Excluding CDS which overlaps existing RNA (tRNA) at NODE_1_length_4855568_cov_123.207395:449713..449985 on - strand
[11:23:55] Excluding CDS which overlaps existing RNA (repeat_region) at NODE_1_length_4855568_cov_123.207395:1038315..1038767 on - strand
[11:23:55] Excluding CDS which overlaps existing RNA (repeat_region) at NODE_1_length_4855568_cov_123.207395:1065402..1065560 on + strand
[11:23:56] Excluding CDS which overlaps existing RNA (rRNA) at NODE_1_length_4855568_cov_123.207395:1244096..1244350 on + strand
[11:23:59] Excluding CDS which overlaps existing RNA (tRNA) at NODE_1_length_4855568_cov_123.207395:2717380..2717826 on - strand
[11:24:02] Excluding CDS which overlaps existing RNA (tRNA) at NODE_1_length_4855568_cov_123.207395:3837041..3838924 on + strand
[11:24:02] Excluding CDS which overlaps existing RNA (tRNA) at NODE_1_length_4855568_cov_123.207395:3845302..3845532 on + strand
[11:24:02] Excluding CDS which overlaps existing RNA (rRNA) at NODE_1_length_4855568_cov_123.207395:3849269..3849523 on - strand
[11:24:03] Excluding CDS which overlaps existing RNA (rRNA) at NODE_1_length_4855568_cov_123.207395:4524113..4524367 on - strand
[11:24:03] Excluding CDS which overlaps existing RNA (rRNA) at NODE_1_length_4855568_cov_123.207395:4564723..4564977 on - strand
[11:24:03] Excluding CDS which overlaps existing RNA (rRNA) at NODE_1_length_4855568_cov_123.207395:4703893..4704147 on - strand
[11:24:04] Excluding CDS which overlaps existing RNA (rRNA) at NODE_1_length_4855568_cov_123.207395:4795840..4796094 on - strand
[11:24:04] Found 4487 CDS
[11:24:04] Connecting features back to sequences
[11:24:04] Not using genus-specific database. Try --usegenus to enable it.
[11:24:04] Annotating CDS, please be patient.
[11:24:04] Will use 8 CPUs for similarity searching.
[11:24:20] There are still 4487 unannotated CDS left (started with 4487)
[11:24:20] Will use blast to search against /var2/sgmn0223/Tool_Box/anaconda3/db/kingdom/Bacteria/IS with 8 CPUs
[11:24:20] Running: cat \.\/Prokka_output\/PROKKA_03172024\.IS\.tmp\.1615521\.faa | parallel --gnu --plain -j 8 --block 90809 --recstart '>' --pipe blastp -query - -db /var2/sgmn0223/Tool_Box/anaconda3/db/kingdom/Bacteria/IS -evalue 1e-30 -qcov_hsp_perc 90 -num_threads 1 -num_descriptions 1 -num_alignments 1 -seg no > \.\/Prokka_output\/PROKKA_03172024\.IS\.tmp\.1615521\.blast 2> /dev/null
[11:24:38] Deleting unwanted file: ./Prokka_output/PROKKA_03172024.IS.tmp.1615521.faa
[11:24:38] Deleting unwanted file: ./Prokka_output/PROKKA_03172024.IS.tmp.1615521.blast
[11:24:54] There are still 4451 unannotated CDS left (started with 4487)
[11:24:54] Will use blast to search against /var2/sgmn0223/Tool_Box/anaconda3/db/kingdom/Bacteria/AMR with 8 CPUs
[11:24:54] Running: cat \.\/Prokka_output\/PROKKA_03172024\.AMR\.tmp\.1615521\.faa | parallel --gnu --plain -j 8 --block 90237 --recstart '>' --pipe blastp -query - -db /var2/sgmn0223/Tool_Box/anaconda3/db/kingdom/Bacteria/AMR -evalue 1e-300 -qcov_hsp_perc 90 -num_threads 1 -num_descriptions 1 -num_alignments 1 -seg no > \.\/Prokka_output\/PROKKA_03172024\.AMR\.tmp\.1615521\.blast 2> /dev/null
[11:25:09] Deleting unwanted file: ./Prokka_output/PROKKA_03172024.AMR.tmp.1615521.faa
[11:25:09] Deleting unwanted file: ./Prokka_output/PROKKA_03172024.AMR.tmp.1615521.blast
[11:25:25] There are still 4451 unannotated CDS left (started with 4487)
[11:25:25] Will use blast to search against /var2/sgmn0223/Tool_Box/anaconda3/db/kingdom/Bacteria/sprot with 8 CPUs
[11:25:25] Running: cat \.\/Prokka_output\/PROKKA_03172024\.sprot\.tmp\.1615521\.faa | parallel --gnu --plain -j 8 --block 90237 --recstart '>' --pipe blastp -query - -db /var2/sgmn0223/Tool_Box/anaconda3/db/kingdom/Bacteria/sprot -evalue 1e-09 -qcov_hsp_perc 80 -num_threads 1 -num_descriptions 1 -num_alignments 1 -seg no > \.\/Prokka_output\/PROKKA_03172024\.sprot\.tmp\.1615521\.blast 2> /dev/null
[11:26:32] Modify product: 23S rRNA 5-hydroxycytidine C2501 synthase => 23S rRNA 5-hydroxycytidine synthase
[11:26:32] Modify product: UPF0339 protein YegP => hypothetical protein
[11:26:32] Modify product: Probable diguanylate cyclase DgcE => putative diguanylate cyclase DgcE
[11:26:32] Modify product: UPF0053 inner membrane protein YoaE => hypothetical protein
[11:26:32] Modify product: UPF0394 inner membrane protein YeeE => hypothetical protein
[11:26:32] Modify product: UPF0265 protein YeeX => hypothetical protein
[11:26:32] Modify product: Probable L,D-transpeptidase ErfK/SrfK => putative L,D-transpeptidase ErfK/SrfK
[11:26:32] Modify product: Probable FMN/FAD exporter YeeO => putative FMN/FAD exporter YeeO
[11:26:32] Modify product: Probable transcriptional regulatory protein YeeN => putative transcriptional regulatory protein YeeN
[11:26:32] Modify product: Cytochrome b561 homolog 1 => Cytochrome b561 
[11:26:32] Modify product: Uncharacterized protein YedJ => putative protein YedJ
[11:26:32] Modify product: Uncharacterized inner membrane transporter YedA => putative inner membrane transporter YedA
[11:26:32] Modify product: Probable diguanylate cyclase DgcQ => putative diguanylate cyclase DgcQ
[11:26:32] Modify product: UPF0394 inner membrane protein YedE => hypothetical protein
[11:26:33] Modify product: Probable transcriptional regulatory protein YebC => putative transcriptional regulatory protein YebC
[11:26:33] Modify product: Uncharacterized protein YebV => putative protein YebV
[11:26:33] Modify product: Probable serine transporter => putative serine transporter
[11:26:33] Modify product: UPF0597 protein YhaM => hypothetical protein
[11:26:33] Modify product: Uncharacterized protein YqjD => putative protein YqjD
[11:26:33] Modify product: Probable glycerol-3-phosphate acyltransferase => putative glycerol-3-phosphate acyltransferase
[11:26:33] Modify product: Uncharacterized fimbrial-like protein YbgD => putative fimbrial-like protein YbgD
[11:26:33] Modify product: Probable quinol monooxygenase YgiN => putative quinol monooxygenase YgiN
[11:26:33] Modify product: Uncharacterized oxidoreductase YghA => putative oxidoreductase YghA
[11:26:33] Modify product: Probable Ni/Fe-hydrogenase 2 b-type cytochrome subunit => putative Ni/Fe-hydrogenase 2 b-type cytochrome subunit
[11:26:33] Modify product: Uncharacterized protein YtfJ => putative protein YtfJ
[11:26:33] Modify product: Uncharacterized FAD-linked oxidoreductase Rv2280 => putative FAD-linked oxidoreductase
[11:26:33] Modify product: Probable Fe(2+)-trafficking protein => putative Fe(2+)-trafficking protein
[11:26:33] Modify product: Uncharacterized protein HI_0341 => putative protein
[11:26:33] Modify product: Solute-binding protein Bamb_6123 => Solute-binding protein
[11:26:33] Modify product: UPF0235 protein YggU => hypothetical protein
[11:26:33] Modify product: Uncharacterized protein YggR => putative protein YggR
[11:26:33] Modify product: UPF0301 protein YqgE => hypothetical protein
[11:26:33] Modify product: UPF0149 protein HI_0817 => hypothetical protein
[11:26:33] Modify product: Uncharacterized oxidoreductase YgfF => putative oxidoreductase YgfF
[11:26:33] Modify product: UPF0267 protein YqfB => hypothetical protein
[11:26:33] Modify product: UPF0073 inner membrane protein YqfA => hypothetical protein
[11:26:33] Modify product: Uncharacterized protein YqfG => putative protein YqfG
[11:26:33] Modify product: Probable [Fe-S]-dependent transcriptional repressor FeoC => putative [Fe-S]-dependent transcriptional repressor FeoC
[11:26:33] Modify product: Putative membrane protein IgaA homolog => Putative membrane protein IgaA 
[11:26:33] Modify product: Uncharacterized protein YhfX => putative protein YhfX
[11:26:33] Modify product: Uncharacterized protein YhfS => putative protein YhfS
[11:26:33] Modify product: Uncharacterized protein YhfG => putative protein YhfG
[11:26:33] Modify product: Probable protein adenylyltransferase Fic => putative protein adenylyltransferase Fic
[11:26:33] Modify product: UPF0270 protein PA3463 => hypothetical protein
[11:26:33] Modify product: Uncharacterized ABC transporter ATP-binding protein YheS => putative ABC transporter ATP-binding protein YheS
[11:26:33] Modify product: Protein SlyX homolog => Protein SlyX 
[11:26:33] Modify product: Probable bifunctional chitinase/lysozyme => putative bifunctional chitinase/lysozyme
[11:26:33] Modify product: Uncharacterized membrane protein YhdT => putative membrane protein YhdT
[11:26:33] Modify product: Probable acrylyl-CoA reductase AcuI => putative acrylyl-CoA reductase AcuI
[11:26:33] Modify product: Uncharacterized protein YhcO => putative protein YhcO
[11:26:33] Modify product: Uncharacterized protein YhcH => putative protein YhcH
[11:26:33] Modify product: Uncharacterized protein YrbL => putative protein YrbL
[11:26:33] Modify product: Uncharacterized inner membrane transporter YhbE => putative inner membrane transporter YhbE
[11:26:33] Modify product: Uncharacterized protease YhbU => putative protease YhbU
[11:26:33] Modify product: UPF0213 protein BH0048 => hypothetical protein
[11:26:33] Modify product: Uncharacterized fimbrial-like protein YraK => putative fimbrial-like protein YraK
[11:26:33] Modify product: Probable fimbrial chaperone YraI => putative fimbrial chaperone YraI
[11:26:33] Modify product: Uncharacterized fimbrial-like protein YraH => putative fimbrial-like protein YraH
[11:26:33] Modify product: Probable galactarate transporter => putative galactarate transporter
[11:26:34] Modify product: Uncharacterized response regulatory protein YgeK => putative response regulatory protein YgeK
[11:26:34] Modify product: Uncharacterized lipoprotein YgdR => putative lipoprotein YgdR
[11:26:34] Modify product: UPF0053 inner membrane protein YgdQ => hypothetical protein
[11:26:34] Modify product: Uncharacterized lipoprotein YgdR => putative lipoprotein YgdR
[11:26:34] Modify product: UPF0382 inner membrane protein YgdD => hypothetical protein
[11:26:34] Modify product: Uncharacterized HTH-type transcriptional regulator YdjF => putative HTH-type transcriptional regulator YdjF
[11:26:34] Modify product: Uncharacterized protein YqcC => putative protein YqcC
[11:26:34] Modify product: Uncharacterized protein PA3435 => putative protein
[11:26:34] Modify product: Probable glucarate transporter => putative glucarate transporter
[11:26:34] Modify product: Uncharacterized protein YqcG => putative protein YqcG
[11:26:34] Modify product: Uncharacterized protein YgcP => putative protein YgcP
[11:26:34] Modify product: Probable transporter SCO4007 => putative transporter
[11:26:34] Modify product: Uncharacterized protein YgaM => putative protein YgaM
[11:26:34] Modify product: Probable HTH-type transcriptional regulator YgaV => putative HTH-type transcriptional regulator YgaV
[11:26:34] Modify product: Probable diguanylate cyclase DgcT => putative diguanylate cyclase DgcT
[11:26:34] Modify product: Probable autotransporter ROD_p1121 => putative autotransporter
[11:26:34] Modify product: UPF0125 protein RatB => hypothetical protein
[11:26:34] Modify product: UPF0053 inner membrane protein YfjD => hypothetical protein
[11:26:34] Modify product: Uncharacterized tRNA/rRNA methyltransferase YfiF => putative tRNA/rRNA methyltransferase YfiF
[11:26:34] Modify product: Uncharacterized protein YphB => putative protein YphB
[11:26:34] Modify product: Probable 3-phenylpropionic acid transporter => putative 3-phenylpropionic acid transporter
[11:26:34] Modify product: Uncharacterized protein Rv2307c => putative protein
[11:26:34] Modify product: UPF0070 protein HI_0370 => hypothetical protein
[11:26:34] Modify product: Uncharacterized protein YfgJ => putative protein YfgJ
[11:26:34] Modify product: Uncharacterized protein YfgD => putative protein YfgD
[11:26:34] Modify product: Probable formate transporter 2 => putative formate transporter 2
[11:26:34] Modify product: Uncharacterized protein Rv2575 => putative protein
[11:26:34] Modify product: Uncharacterized protein YfeY => putative protein YfeY
[11:26:34] Modify product: Probable cyclic di-GMP phosphodiesterase PdeA => putative cyclic di-GMP phosphodiesterase PdeA
[11:26:34] Modify product: Probable multidrug resistance protein EmrK => putative multidrug resistance protein EmrK
[11:26:34] Modify product: Probable multidrug resistance protein EmrY => putative multidrug resistance protein EmrY
[11:26:34] Modify product: Probable diguanylate cyclase CdgI => putative diguanylate cyclase CdgI
[11:26:34] Modify product: Uncharacterized protein PA2218 => putative protein
[11:26:34] Modify product: UPF0381 protein YiiS => hypothetical protein
[11:26:34] Modify product: Uncharacterized fimbrial-like protein YfcV => putative fimbrial-like protein YfcV
[11:26:34] Modify product: Probable fimbrial chaperone YfcS => putative fimbrial chaperone YfcS
[11:26:34] Modify product: Uncharacterized fimbrial-like protein YfcR => putative fimbrial-like protein YfcR
[11:26:34] Modify product: Uncharacterized fimbrial-like protein YfcQ => putative fimbrial-like protein YfcQ
[11:26:34] Modify product: Uncharacterized fimbrial-like protein YfcP => putative fimbrial-like protein YfcP
[11:26:34] Modify product: Uncharacterized protein YfcO => putative protein YfcO
[11:26:34] Modify product: Probable membrane transporter protein YfcA => putative membrane transporter protein YfcA
[11:26:34] Modify product: Uncharacterized MFS-type transporter YfcJ => putative MFS-type transporter YfcJ
[11:26:34] Modify product: Epimerase family protein SA0724 => Epimerase family protein
[11:26:34] Modify product: Uncharacterized Nudix hydrolase YfcD => putative Nudix hydrolase YfcD
[11:26:34] Modify product: UPF0208 membrane protein YfbV => hypothetical protein
[11:26:34] Modify product: UPF0304 protein YfbU => hypothetical protein
[11:26:34] Modify product: Probable 4-amino-4-deoxy-L-arabinose-phosphoundecaprenol flippase subunit ArnF => putative 4-amino-4-deoxy-L-arabinose-phosphoundecaprenol flippase subunit ArnF
[11:26:34] Modify product: Probable 4-amino-4-deoxy-L-arabinose-phosphoundecaprenol flippase subunit ArnE => putative 4-amino-4-deoxy-L-arabinose-phosphoundecaprenol flippase subunit ArnE
[11:26:34] Modify product: Probable 4-deoxy-4-formamido-L-arabinose-phosphoundecaprenol deformylase ArnD => putative 4-deoxy-4-formamido-L-arabinose-phosphoundecaprenol deformylase ArnD
[11:26:35] Modify product: Probable autotransporter YfaL => putative autotransporter YfaL
[11:26:35] Modify product: Probable autotransporter ROD_p1121 => putative autotransporter
[11:26:35] Modify product: UPF0352 protein YejL => hypothetical protein
[11:26:35] Modify product: Uncharacterized protein YejG => putative protein YejG
[11:26:35] Modify product: Uncharacterized ABC transporter ATP-binding protein YejF => putative ABC transporter ATP-binding protein YejF
[11:26:35] Modify product: Probable cyclic di-GMP phosphodiesterase PdeN => putative cyclic di-GMP phosphodiesterase PdeN
[11:26:35] Modify product: UPF0153 protein YeiW => hypothetical protein
[11:26:35] Modify product: UPF0324 inner membrane protein YeiH => hypothetical protein
[11:26:35] Modify product: UPF0299 membrane protein YohJ => hypothetical protein
[11:26:35] Modify product: Uncharacterized oxidoreductase YohF => putative oxidoreductase YohF
[11:26:35] Modify product: UPF0387 membrane protein YohO => hypothetical protein
[11:26:35] Modify product: Uncharacterized lipoprotein YehR => putative lipoprotein YehR
[11:26:35] Modify product: Uncharacterized protein YehL => putative protein YehL
[11:26:35] Modify product: Uncharacterized fimbrial-like protein YehD => putative fimbrial-like protein YehD
[11:26:35] Modify product: Probable fimbrial chaperone YehC => putative fimbrial chaperone YehC
[11:26:35] Modify product: Uncharacterized fimbrial-like protein YehA => putative fimbrial-like protein YehA
[11:26:35] Modify product: Probable manganese efflux pump MntP => putative manganese efflux pump MntP
[11:26:35] Modify product: UPF0266 membrane protein YobD => hypothetical protein
[11:26:35] Modify product: UPF0053 inner membrane protein YoaE => hypothetical protein
[11:26:35] Modify product: Probable cyclic di-GMP phosphodiesterase PdeD => putative cyclic di-GMP phosphodiesterase PdeD
[11:26:35] Modify product: Probable ATP-dependent DNA helicase YoaA => putative ATP-dependent DNA helicase YoaA
[11:26:35] Modify product: Uncharacterized protein YeaR => putative protein YeaR
[11:26:35] Modify product: Probable diguanylate cyclase DgcJ => putative diguanylate cyclase DgcJ
[11:26:35] Modify product: Probable diguanylate cyclase CdgI => putative diguanylate cyclase CdgI
[11:26:35] Modify product: Stress response UPF0229 protein YhbH => hypothetical protein
[11:26:35] Modify product: Uncharacterized zinc-type alcohol dehydrogenase-like protein YdjJ => putative zinc-type alcohol dehydrogenase-like protein YdjJ
[11:26:35] Modify product: Uncharacterized protein YdjI => putative protein YdjI
[11:26:35] Modify product: Uncharacterized sugar kinase YdjH => putative sugar kinase YdjH
[11:26:35] Modify product: Uncharacterized HTH-type transcriptional regulator YdjF => putative HTH-type transcriptional regulator YdjF
[11:26:35] Modify product: Probable ketoamine kinase lp_1983 => putative ketoamine kinase
[11:26:35] Modify product: Uncharacterized protein YniD => putative protein YniD
[11:26:35] Modify product: Uncharacterized protein YdiE => putative protein YdiE
[11:26:35] Modify product: Uncharacterized protein HI_1163 => putative protein
[11:26:35] Modify product: Probable ATP-dependent transporter SufC => putative ATP-dependent transporter SufC
[11:26:35] Modify product: Probable L,D-transpeptidase YnhG => putative L,D-transpeptidase YnhG
[11:26:35] Modify product: Uncharacterized ferredoxin-like protein YdhY => putative ferredoxin-like protein YdhY
[11:26:35] Modify product: Uncharacterized oxidoreductase YdhV => putative oxidoreductase YdhV
[11:26:35] Modify product: Uncharacterized protein YdhW => putative protein YdhW
[11:26:35] Modify product: Uncharacterized ferredoxin-like protein YdhX => putative ferredoxin-like protein YdhX
[11:26:35] Modify product: Uncharacterized protein YdhT => putative protein YdhT
[11:26:35] Modify product: Probable autotransporter ROD_p1121 => putative autotransporter
[11:26:35] Modify product: Uncharacterized HTH-type transcriptional regulator YahB => putative HTH-type transcriptional regulator YahB
[11:26:35] Modify product: Uncharacterized protein YnhF => putative protein YnhF
[11:26:35] Modify product: Uncharacterized oxidoreductase YdgJ => putative oxidoreductase YdgJ
[11:26:35] Modify product: Probable dimethyl sulfoxide reductase chain YnfF => putative dimethyl sulfoxide reductase chain YnfF
[11:26:35] Modify product: Uncharacterized protein YnfD => putative protein YnfD
[11:26:35] Modify product: UPF0482 protein YnfB => hypothetical protein
[11:26:35] Modify product: UPF0060 membrane protein YnfA => hypothetical protein
[11:26:35] Modify product: Probable amino-acid metabolite efflux pump => putative amino-acid metabolite efflux pump
[11:26:35] Modify product: UPF0056 inner membrane protein MarC => hypothetical protein
[11:26:35] Modify product: Probable 2-dehydro-3-deoxygalactonokinase DgoK1 => putative 2-dehydro-3-deoxygalactonokinase DgoK1
[11:26:35] Modify product: Uncharacterized symporter YidK => putative symporter YidK
[11:26:35] Modify product: Uncharacterized inner membrane transporter YicL => putative inner membrane transporter YicL
[11:26:35] Modify product: UPF0126 inner membrane protein YicG => hypothetical protein
[11:26:35] Modify product: UPF0701 protein YicC => hypothetical protein
[11:26:35] Modify product: UPF0758 protein SP_1088 => hypothetical protein
[11:26:35] Modify product: Uncharacterized protein YibN => putative protein YibN
[11:26:35] Modify product: Uncharacterized protein YibL => putative protein YibL
[11:26:35] Modify product: Uncharacterized GST-like protein YibF => putative GST-like protein YibF
[11:26:35] Modify product: Uncharacterized protein YhcH => putative protein YhcH
[11:26:36] Modify product: Probable lipoprotein YiaD => putative lipoprotein YiaD
[11:26:36] Modify product: Uncharacterized MFS-type transporter YhjX => putative MFS-type transporter YhjX
[11:26:36] Modify product: Probable cyclic di-GMP phosphodiesterase PdeK => putative cyclic di-GMP phosphodiesterase PdeK
[11:26:36] Modify product: Uncharacterized protein HI_0933 => putative protein
[11:26:36] Modify product: Uncharacterized MFS-type transporter YhhS => putative MFS-type transporter YhhS
[11:26:36] Modify product: Uncharacterized protein YhhA => putative protein YhhA
[11:26:36] Modify product: Uncharacterized oxidoreductase YhhX => putative oxidoreductase YhhX
[11:26:36] Modify product: UPF0056 inner membrane protein YhgN => hypothetical protein
[11:26:36] Modify product: Uncharacterized protein YcgM => putative protein YcgM
[11:26:36] Modify product: Probable autotransporter ROD_p1121 => putative autotransporter
[11:26:36] Modify product: UPF0757 protein YmgG => hypothetical protein
[11:26:36] Modify product: Uncharacterized protein YmgD => putative protein YmgD
[11:26:36] Modify product: Probable cyclic di-GMP phosphodiesterase PdeG => putative cyclic di-GMP phosphodiesterase PdeG
[11:26:36] Modify product: Uncharacterized protein YmgC => putative protein YmgC
[11:26:36] Modify product: Probable two-component-system connector protein AriR => putative two-component-system connector protein AriR
[11:26:36] Modify product: Probable two-component-system connector protein YcgZ => putative two-component-system connector protein YcgZ
[11:26:36] Modify product: Uncharacterized protein YdfO => putative protein YdfO
[11:26:36] Modify product: Probable L,D-transpeptidase YcfS => putative L,D-transpeptidase YcfS
[11:26:36] Modify product: UPF0227 protein YcfP => hypothetical protein
[11:26:36] Modify product: Uncharacterized metal-dependent hydrolase YcfH => putative metal-dependent hydrolase YcfH
[11:26:36] Modify product: UPF0502 protein YceH => hypothetical protein
[11:26:36] Modify product: Uncharacterized lipoprotein YceB => putative lipoprotein YceB
[11:26:36] Modify product: Uncharacterized protein YceO => putative protein YceO
[11:26:36] Modify product: Cytochrome b561 homolog 2 => Cytochrome b561 
[11:26:36] Modify product: UPF0176 protein YceA => hypothetical protein
[11:26:36] Modify product: Uncharacterized protein YmdA => putative protein YmdA
[11:26:36] Modify product: Probable phosphatase YcdX => putative phosphatase YcdX
[11:26:36] Modify product: Probable malonic semialdehyde reductase RutE => putative malonic semialdehyde reductase RutE
[11:26:36] Modify product: Uncharacterized protein YccJ => putative protein YccJ
[11:26:36] Modify product: Uncharacterized lipoprotein GfcB => putative lipoprotein GfcB
[11:26:36] Modify product: Probable Ni/Fe-hydrogenase 1 B-type cytochrome subunit => putative Ni/Fe-hydrogenase 1 B-type cytochrome subunit
[11:26:36] Modify product: Uncharacterized protein YccU => putative protein YccU
[11:26:36] Modify product: UPF0319 protein HI_1681 => hypothetical protein
[11:26:36] Modify product: Uncharacterized protein YcbX => putative protein YcbX
[11:26:36] Modify product: Uncharacterized fimbrial chaperone YcbF => putative fimbrial chaperone YcbF
[11:26:36] Modify product: Uncharacterized fimbrial-like protein YcbV => putative fimbrial-like protein YcbV
[11:26:36] Modify product: Uncharacterized fimbrial-like protein YcbU => putative fimbrial-like protein YcbU
[11:26:36] Modify product: Uncharacterized fimbrial-like protein ElfG => putative fimbrial-like protein ElfG
[11:26:36] Modify product: Probable outer membrane usher protein ElfC => putative outer membrane usher protein ElfC
[11:26:36] Modify product: Probable fimbrial chaperone protein ElfD => putative fimbrial chaperone protein ElfD
[11:26:36] Modify product: Probable L,D-transpeptidase YcbB => putative L,D-transpeptidase YcbB
[11:26:36] Modify product: UPF0434 protein YcaR => hypothetical protein
[11:26:36] Modify product: Uncharacterized protein YaiA => putative protein YaiA
[11:26:36] Modify product: UPF0178 protein YaiI => hypothetical protein
[11:26:36] Modify product: Probable diguanylate cyclase DgcC => putative diguanylate cyclase DgcC
[11:26:36] Modify product: Uncharacterized transporter YycB => putative transporter YycB
[11:26:36] Modify product: Uncharacterized HTH-type transcriptional regulator YahB => putative HTH-type transcriptional regulator YahB
[11:26:36] Modify product: Probable pyridine nucleotide-disulfide oxidoreductase RclA => putative pyridine nucleotide-disulfide oxidoreductase RclA
[11:26:36] Modify product: Uncharacterized membrane protein YkgR => putative membrane protein YkgR
[11:26:36] Modify product: Probable fimbrial chaperone EcpB => putative fimbrial chaperone EcpB
[11:26:36] Modify product: Probable outer membrane usher protein EcpC => putative outer membrane usher protein EcpC
[11:26:36] Modify product: Probable fimbrial chaperone EcpE => putative fimbrial chaperone EcpE
[11:26:36] Modify product: UPF0255 protein VV1_0328 => hypothetical protein
[11:26:36] Modify product: Uncharacterized N-acetyltransferase YafP => putative N-acetyltransferase YafP
[11:26:36] Modify product: Uncharacterized methyltransferase YcgJ => putative methyltransferase YcgJ
[11:26:37] Modify product: Uncharacterized HTH-type transcriptional regulator YbaQ => putative HTH-type transcriptional regulator YbaQ
[11:26:37] Modify product: Uncharacterized protein YaeQ => putative protein YaeQ
[11:26:37] Modify product: UPF0253 protein YaeP => hypothetical protein
[11:26:37] Modify product: UPF0126 inner membrane protein YadS => hypothetical protein
[11:26:37] Modify product: UPF0126 inner membrane protein YadS => hypothetical protein
[11:26:37] Modify product: Uncharacterized fimbrial-like protein YadN => putative fimbrial-like protein YadN
[11:26:37] Modify product: Probable fimbrial chaperone YadV => putative fimbrial chaperone YadV
[11:26:37] Modify product: Uncharacterized fimbrial-like protein YadM => putative fimbrial-like protein YadM
[11:26:37] Modify product: Uncharacterized fimbrial-like protein YadL => putative fimbrial-like protein YadL
[11:26:37] Modify product: Uncharacterized fimbrial-like protein YadK => putative fimbrial-like protein YadK
[11:26:37] Modify product: Uncharacterized fimbrial-like protein YadC => putative fimbrial-like protein YadC
[11:26:37] Modify product: Probable formate transporter 1 => putative formate transporter 1
[11:26:37] Modify product: Uncharacterized MFS-type transporter YcaD => putative MFS-type transporter YcaD
[11:26:37] Modify product: Probable hydrolase YcaC => putative hydrolase YcaC
[11:26:37] Modify product: UPF0145 protein YbjQ => hypothetical protein
[11:26:37] Modify product: Uncharacterized lipoprotein YbjP => putative lipoprotein YbjP
[11:26:37] Modify product: Uncharacterized protein YbjN => putative protein YbjN
[11:26:37] Modify product: Prophage tail fiber assembly protein homolog TfaE => Prophage tail fiber assembly protein TfaE
[11:26:37] Modify product: Uncharacterized protein YbiI => putative protein YbiI
[11:26:37] Modify product: Probable cyclic di-GMP phosphodiesterase PdeI => putative cyclic di-GMP phosphodiesterase PdeI
[11:26:37] Modify product: Uncharacterized protein YbiU => putative protein YbiU
[11:26:37] Modify product: Uncharacterized ABC transporter ATP-binding protein YbiT => putative ABC transporter ATP-binding protein YbiT
[11:26:37] Modify product: Probable L,D-transpeptidase YbiS => putative L,D-transpeptidase YbiS
[11:26:37] Modify product: Uncharacterized protein McbA => putative protein McbA
[11:26:37] Modify product: PKHD-type hydroxylase Sbal_3634 => PKHD-type hydroxylase
[11:26:37] Modify product: Uncharacterized protein YbiI => putative protein YbiI
[11:26:37] Modify product: Uncharacterized protein YbiB => putative protein YbiB
[11:26:37] Modify product: UPF0194 membrane protein YbhG => hypothetical protein
[11:26:37] Modify product: Probable multidrug ABC transporter ATP-binding protein YbhF => putative multidrug ABC transporter ATP-binding protein YbhF
[11:26:37] Modify product: Probable multidrug ABC transporter permease YbhS => putative multidrug ABC transporter permease YbhS
[11:26:37] Modify product: Probable multidrug ABC transporter permease YbhR => putative multidrug ABC transporter permease YbhR
[11:26:37] Modify product: UPF0098 protein YbhB => hypothetical protein
[11:26:37] Modify product: Uncharacterized fimbrial-like protein YbgD => putative fimbrial-like protein YbgD
[11:26:37] Modify product: GTP cyclohydrolase 1 type 2 homolog => GTP cyclohydrolase 1 type 2 
[11:26:37] Modify product: Probable glutamate/gamma-aminobutyrate antiporter => putative glutamate/gamma-aminobutyrate antiporter
[11:26:37] Modify product: Probable D,D-dipeptide-binding periplasmic protein DdpA => putative D,D-dipeptide-binding periplasmic protein DdpA
[11:26:37] Modify product: Probable D,D-dipeptide transport system permease protein DdpB => putative D,D-dipeptide transport system permease protein DdpB
[11:26:37] Modify product: Probable D,D-dipeptide transport system permease protein DdpC => putative D,D-dipeptide transport system permease protein DdpC
[11:26:37] Modify product: Probable D,D-dipeptide transport ATP-binding protein DdpD => putative D,D-dipeptide transport ATP-binding protein DdpD
[11:26:37] Modify product: Probable D,D-dipeptide transport ATP-binding protein DdpF => putative D,D-dipeptide transport ATP-binding protein DdpF
[11:26:37] Modify product: Uncharacterized HTH-type transcriptional regulator YddM => putative HTH-type transcriptional regulator YddM
[11:26:37] Modify product: Probable nitrate reductase molybdenum cofactor assembly chaperone NarW => putative nitrate reductase molybdenum cofactor assembly chaperone NarW
[11:26:37] Modify product: Uncharacterized isomerase YddE => putative isomerase YddE
[11:26:37] Modify product: Uncharacterized protein YncE => putative protein YncE
[11:26:37] Modify product: Uncharacterized protein YdcY => putative protein YdcY
[11:26:37] Modify product: 23S rRNA 5-hydroxycytidine C2501 synthase => 23S rRNA 5-hydroxycytidine synthase
[11:26:37] Modify product: Uncharacterized protein Rv3292 => putative protein
[11:26:37] Modify product: Uncharacterized protein YnbD => putative protein YnbD
[11:26:37] Modify product: Uncharacterized protein YnbC => putative protein YnbC
[11:26:37] Modify product: Probable DNA endonuclease SmrA => putative DNA endonuclease SmrA
[11:26:37] Modify product: Uncharacterized protein YcjY => putative protein YcjY
[11:26:37] Modify product: UPF0283 membrane protein YcjF => hypothetical protein
[11:26:37] Modify product: Uncharacterized protein YcjX => putative protein YcjX
[11:26:37] Modify product: Uncharacterized protein HI_1162 => putative protein
[11:26:37] Modify product: UPF0509 protein YciZ => hypothetical protein
[11:26:37] Modify product: Uncharacterized protein YciH => putative protein YciH
[11:26:37] Modify product: Probable protease SohB => putative protease SohB
[11:26:37] Modify product: Uncharacterized oxidoreductase YciK => putative oxidoreductase YciK
[11:26:37] Modify product: Uncharacterized protein YciO => putative protein YciO
[11:26:37] Modify product: UPF0259 membrane protein YciC => hypothetical protein
[11:26:37] Modify product: Probable intracellular septation protein A => putative intracellular septation protein A
[11:26:37] Modify product: Uncharacterized acyl-CoA thioester hydrolase HI_0827 => putative acyl-CoA thioester hydrolase
[11:26:37] Modify product: UPF0263 protein YciU => hypothetical protein
[11:26:37] Modify product: UPF0056 inner membrane protein MarC => hypothetical protein
[11:26:37] Modify product: Uncharacterized NTE family protein Rv1063c => putative NTE family protein
[11:26:37] Modify product: UPF0225 protein YchJ => hypothetical protein
[11:26:38] Modify product: Uncharacterized protein YjgL => putative protein YjgL
[11:26:38] Modify product: Uncharacterized protein YjgL => putative protein YjgL
[11:26:38] Modify product: UPF0307 protein YjgA => hypothetical protein
[11:26:38] Modify product: UPF0053 inner membrane protein YtfL => hypothetical protein
[11:26:38] Modify product: Uncharacterized protein YtfJ => putative protein YtfJ
[11:26:38] Modify product: Probable L-ascorbate-6-phosphate lactonase UlaG => putative L-ascorbate-6-phosphate lactonase UlaG
[11:26:38] Modify product: UPF0719 inner membrane protein YjfL => hypothetical protein
[11:26:38] Modify product: UPF0716 protein FxsA => hypothetical protein
[11:26:38] Modify product: Probable cadaverine/lysine antiporter => putative cadaverine/lysine antiporter
[11:26:38] Modify product: Uncharacterized protein YjdJ => putative protein YjdJ
[11:26:38] Modify product: Probable transcriptional regulator PhnF => putative transcriptional regulator PhnF
[11:26:38] Modify product: Uncharacterized ferredoxin-like protein YdhX => putative ferredoxin-like protein YdhX
[11:26:38] Modify product: Probable cyclic di-GMP phosphodiesterase PdeC => putative cyclic di-GMP phosphodiesterase PdeC
[11:26:38] Modify product: Uncharacterized protein YjbR => putative protein YjbR
[11:26:38] Modify product: UPF0337 protein YjbJ => hypothetical protein
[11:26:38] Modify product: Uncharacterized lipoprotein GfcB => putative lipoprotein GfcB
[11:26:38] Modify product: Uncharacterized protein HI_0431 => putative protein
[11:26:38] Modify product: Uncharacterized protein YbfE => putative protein YbfE
[11:26:38] Modify product: Uncharacterized lipoprotein ChiQ => putative lipoprotein ChiQ
[11:26:38] Modify product: UPF0250 protein YbeD => hypothetical protein
[11:26:38] Modify product: Uncharacterized HTH-type transcriptional regulator YbdO => putative HTH-type transcriptional regulator YbdO
[11:26:38] Modify product: Probable zinc-binding alcohol dehydrogenase Rv1895 => putative zinc-binding alcohol dehydrogenase
[11:26:38] Modify product: Uncharacterized HTH-type transcriptional regulator YbdO => putative HTH-type transcriptional regulator YbdO
[11:26:38] Modify product: Uncharacterized protein YbdM => putative protein YbdM
[11:26:38] Modify product: Uncharacterized fimbrial-like protein SfmF => putative fimbrial-like protein SfmF
[11:26:38] Modify product: Uncharacterized fimbrial-like protein SfmH => putative fimbrial-like protein SfmH
[11:26:38] Modify product: Probable fimbrial chaperone SfmC => putative fimbrial chaperone SfmC
[11:26:38] Modify product: Uncharacterized fimbrial-like protein SfmA => putative fimbrial-like protein SfmA
[11:26:38] Modify product: Bifunctional protein FolD => Bifunctional protein FolD protein
[11:26:38] Modify product: Uncharacterized protein YbcJ => putative protein YbcJ
[11:26:38] Modify product: Probable iron export permease protein FetB => putative iron export permease protein FetB
[11:26:38] Modify product: Probable iron export ATP-binding protein FetA => putative iron export ATP-binding protein FetA
[11:26:38] Modify product: Uncharacterized HTH-type transcriptional regulator YbaQ => putative HTH-type transcriptional regulator YbaQ
[11:26:38] Modify product: Probable cyclic di-GMP phosphodiesterase PdeB => putative cyclic di-GMP phosphodiesterase PdeB
[11:26:38] Modify product: Uncharacterized protein YbaA => putative protein YbaA
[11:26:38] Modify product: Uncharacterized lipoprotein YbaY => putative lipoprotein YbaY
[11:26:38] Modify product: Probable multidrug resistance ABC transporter ATP-binding/permease protein YheI => putative multidrug resistance ABC transporter ATP-binding/permease protein YheI
[11:26:38] Modify product: Uncharacterized protein HI_1008 => putative protein
[11:26:38] Modify product: UPF0234 protein YajQ => hypothetical protein
[11:26:38] Modify product: Uncharacterized lipoprotein YajI => putative lipoprotein YajI
[11:26:38] Modify product: Uncharacterized ABC transporter ATP-binding protein YadG => putative ABC transporter ATP-binding protein YadG
[11:26:38] Modify product: UPF0231 protein YacL => hypothetical protein
[11:26:38] Modify product: Probable peptidoglycan glycosyltransferase FtsW => putative peptidoglycan glycosyltransferase FtsW
[11:26:39] Modify product: Probable inner membrane protein Smp => putative inner membrane protein Smp
[11:26:39] Modify product: Uncharacterized protein YjjI => putative protein YjjI
[11:26:39] Modify product: Uncharacterized metal-dependent hydrolase YjjV => putative metal-dependent hydrolase YjjV
[11:26:39] Modify product: UPF0442 protein YjjB => hypothetical protein
[11:26:39] Modify product: Probable HTH-type transcriptional regulator LgoR => putative HTH-type transcriptional regulator LgoR
[11:26:39] Modify product: Probable L-galactonate transporter => putative L-galactonate transporter
[11:26:39] Modify product: Uncharacterized protein YjiK => putative protein YjiK
[11:26:39] Modify product: Probable RNA 2'-phosphotransferase => putative RNA 2'-phosphotransferase
[11:26:39] Modify product: Probable major fimbrial subunit LpfA => putative major fimbrial subunit LpfA
[11:26:39] Modify product: Probable N-acetylneuraminic acid outer membrane channel protein NanC => putative N-acetylneuraminic acid outer membrane channel protein NanC
[11:26:39] Modify product: Probable 9-O-acetyl-N-acetylneuraminic acid deacetylase => putative 9-O-acetyl-N-acetylneuraminic acid deacetylase
[11:26:39] Modify product: Probable outer membrane usher protein ElfC => putative outer membrane usher protein ElfC
[11:26:39] Modify product: Probable fimbrial chaperone LpfB => putative fimbrial chaperone LpfB
[11:26:39] Modify product: Uncharacterized fimbrial-like protein YcbV => putative fimbrial-like protein YcbV
[11:26:39] Modify product: Probable L-galactonate transporter => putative L-galactonate transporter
[11:26:39] Modify product: Probable cystine transporter YijE => putative cystine transporter YijE
[11:26:39] Modify product: UPF0381 protein YiiS => hypothetical protein
[11:26:39] Modify product: UPF0761 membrane protein YihY => hypothetical protein
[11:26:39] Modify product: Uncharacterized protein YihR => putative protein YihR
[11:26:39] Modify product: Uncharacterized protein YshB => putative protein YshB
[11:26:39] Modify product: Probable GTP-binding protein EngB => putative GTP-binding protein EngB
[11:26:39] Modify product: Probable acyltransferase YihG => putative acyltransferase YihG
[11:26:39] Modify product: Probable protein kinase UbiB => putative protein kinase UbiB
[11:26:39] Modify product: Probable transport protein YifK => putative transport protein YifK
[11:26:39] Modify product: Probable ECA polymerase => putative ECA polymerase
[11:26:39] Modify product: UPF0438 protein YifE => hypothetical protein
[11:26:39] Modify product: Probable transport protein HsrA => putative transport protein HsrA
[11:26:39] Modify product: Probable outer membrane usher protein ElfC => putative outer membrane usher protein ElfC
[11:26:39] Modify product: Uncharacterized fimbrial-like protein ElfG => putative fimbrial-like protein ElfG
[11:26:39] Modify product: Probable glucosamine-6-phosphate deaminase 2 => putative glucosamine-6-phosphate deaminase 2
[11:26:39] Modify product: UPF0167 protein CbrC => hypothetical protein
[11:26:39] Cleaned 363 /product names
[11:26:39] Deleting unwanted file: ./Prokka_output/PROKKA_03172024.sprot.tmp.1615521.faa
[11:26:39] Deleting unwanted file: ./Prokka_output/PROKKA_03172024.sprot.tmp.1615521.blast
[11:26:43] There are still 978 unannotated CDS left (started with 4487)
[11:26:43] Will use hmmer3 to search against /var2/sgmn0223/Tool_Box/anaconda3/db/hmm/HAMAP.hmm with 8 CPUs
[11:26:43] Running: cat \.\/Prokka_output\/PROKKA_03172024\.HAMAP\.hmm\.tmp\.1615521\.faa | parallel --gnu --plain -j 8 --block 16501 --recstart '>' --pipe hmmscan --noali --notextw --acc -E 1e-09 --cpu 1 /var2/sgmn0223/Tool_Box/anaconda3/db/hmm/HAMAP.hmm /dev/stdin > \.\/Prokka_output\/PROKKA_03172024\.HAMAP\.hmm\.tmp\.1615521\.hmmer3 2> /dev/null
[11:26:54] Modify product: Uncharacterized Nudix hydrolase NudL => putative Nudix hydrolase NudL
[11:26:54] Cleaned 1 /product names
[11:26:54] Deleting unwanted file: ./Prokka_output/PROKKA_03172024.HAMAP.hmm.tmp.1615521.faa
[11:26:54] Deleting unwanted file: ./Prokka_output/PROKKA_03172024.HAMAP.hmm.tmp.1615521.hmmer3
[11:26:55] Labelling remaining 888 proteins as 'hypothetical protein'
[11:26:55] Possible /pseudo 'Sugar efflux transporter C' at NODE_1_length_4855568_cov_123.207395 position 46350
[11:26:55] Possible /pseudo 'Small toxic polypeptide LdrD' at NODE_1_length_4855568_cov_123.207395 position 183694
[11:26:55] Possible /pseudo 'Small toxic polypeptide LdrD' at NODE_1_length_4855568_cov_123.207395 position 184177
[11:26:55] Possible /pseudo 'Energy-coupling factor transporter ATP-binding protein EcfA1' at NODE_1_length_4855568_cov_123.207395 position 818034
[11:26:55] Possible /pseudo 'Hydrogenase-4 component B' at NODE_1_length_4855568_cov_123.207395 position 1370949
[11:26:55] Possible /pseudo 'Formate dehydrogenase, nitrate-inducible, major subunit' at NODE_1_length_4855568_cov_123.207395 position 2467532
[11:26:55] Possible /pseudo 'Small toxic polypeptide LdrA' at NODE_1_length_4855568_cov_123.207395 position 2734783
[11:26:55] Possible /pseudo 'Small toxic polypeptide LdrA' at NODE_1_length_4855568_cov_123.207395 position 2735318
[11:26:55] Possible /pseudo 'Hemolysin E, chromosomal' at NODE_1_length_4855568_cov_123.207395 position 2774848
[11:26:55] Possible /pseudo 'IS3 family transposase ISSen1' at NODE_1_length_4855568_cov_123.207395 position 3843804
[11:26:55] Possible /pseudo 'IS3 family transposase ISSen1' at NODE_1_length_4855568_cov_123.207395 position 3844418
[11:26:55] Possible /pseudo 'tRNA(Ile)-lysidine synthase' at NODE_1_length_4855568_cov_123.207395 position 3861597
[11:26:55] Possible /pseudo 'DNA polymerase III subunit alpha' at NODE_1_length_4855568_cov_123.207395 position 3867286
[11:26:55] Possible /pseudo 'ISKra4 family transposase ISCep1' at NODE_1_length_4855568_cov_123.207395 position 4176723
[11:26:55] Possible /pseudo 'putative protein YjgL' at NODE_1_length_4855568_cov_123.207395 position 4242155
[11:26:55] Possible /pseudo 'Formate dehydrogenase H' at NODE_1_length_4855568_cov_123.207395 position 4412227
[11:26:55] Possible /pseudo 'PTS system mannose-specific EIIBCA component' at NODE_1_length_4855568_cov_123.207395 position 4646521
[11:26:55] Possible /pseudo 'Formate dehydrogenase-O major subunit' at NODE_1_length_4855568_cov_123.207395 position 4653686
[11:26:55] Possible /pseudo 'Putative 2,3-dihydroxypropane-1-sulfonate exporter' at NODE_1_length_4855568_cov_123.207395 position 4675417
[11:26:55] Found 3159 unique /gene codes.
[11:26:55] Fixed 2 duplicate /gene - higA_1 higA_2
[11:26:55] Fixed 2 duplicate /gene - fliG_1 fliG_2
[11:26:55] Fixed 2 duplicate /gene - xdhA_1 xdhA_2
[11:26:55] Fixed 2 duplicate /gene - hisC_1 hisC_2
[11:26:55] Fixed 2 duplicate /gene - coaA_1 coaA_2
[11:26:55] Fixed 2 duplicate /gene - osmY_1 osmY_2
[11:26:55] Fixed 2 duplicate /gene - cysE_1 cysE_2
[11:26:55] Fixed 2 duplicate /gene - gadX_1 gadX_2
[11:26:55] Fixed 3 duplicate /gene - bglH_1 bglH_2 bglH_3
[11:26:55] Fixed 3 duplicate /gene - hdfR_1 hdfR_2 hdfR_3
[11:26:55] Fixed 2 duplicate /gene - gspA_1 gspA_2
[11:26:55] Fixed 2 duplicate /gene - rsxC_1 rsxC_2
[11:26:55] Fixed 2 duplicate /gene - rhtC_1 rhtC_2
[11:26:55] Fixed 3 duplicate /gene - mngR_1 mngR_2 mngR_3
[11:26:55] Fixed 2 duplicate /gene - aaeB_1 aaeB_2
[11:26:55] Fixed 2 duplicate /gene - aaeA_1 aaeA_2
[11:26:55] Fixed 2 duplicate /gene - ydgA_1 ydgA_2
[11:26:55] Fixed 2 duplicate /gene - betB_1 betB_2
[11:26:55] Fixed 2 duplicate /gene - dmsC_1 dmsC_2
[11:26:55] Fixed 2 duplicate /gene - pgrR_1 pgrR_2
[11:26:55] Fixed 2 duplicate /gene - rtcB_1 rtcB_2
[11:26:55] Fixed 3 duplicate /gene - fixB_1 fixB_2 fixB_3
[11:26:55] Fixed 2 duplicate /gene - ygcS_1 ygcS_2
[11:26:55] Fixed 2 duplicate /gene - fixA_1 fixA_2
[11:26:55] Fixed 2 duplicate /gene - fdoG_1 fdoG_2
[11:26:55] Fixed 2 duplicate /gene - epsE_1 epsE_2
[11:26:55] Fixed 3 duplicate /gene - tdh_1 tdh_2 tdh_3
[11:26:55] Fixed 3 duplicate /gene - pal_1 pal_2 pal_3
[11:26:55] Fixed 2 duplicate /gene - prfB_1 prfB_2
[11:26:55] Fixed 2 duplicate /gene - tsaR_1 tsaR_2
[11:26:55] Fixed 5 duplicate /gene - arnC_1 arnC_2 arnC_3 arnC_4 arnC_5
[11:26:55] Fixed 3 duplicate /gene - glnQ_1 glnQ_2 glnQ_3
[11:26:55] Fixed 2 duplicate /gene - flgF_1 flgF_2
[11:26:55] Fixed 2 duplicate /gene - bioF_1 bioF_2
[11:26:55] Fixed 4 duplicate /gene - xerD_1 xerD_2 xerD_3 xerD_4
[11:26:55] Fixed 2 duplicate /gene - ubiJ_1 ubiJ_2
[11:26:55] Fixed 2 duplicate /gene - mtlA_1 mtlA_2
[11:26:55] Fixed 2 duplicate /gene - slp_1 slp_2
[11:26:55] Fixed 2 duplicate /gene - hns_1 hns_2
[11:26:55] Fixed 2 duplicate /gene - flgB_1 flgB_2
[11:26:55] Fixed 5 duplicate /gene - intA_1 intA_2 intA_3 intA_4 intA_5
[11:26:55] Fixed 2 duplicate /gene - sgrR_1 sgrR_2
[11:26:55] Fixed 3 duplicate /gene - por_1 por_2 por_3
[11:26:55] Fixed 2 duplicate /gene - nlpD_1 nlpD_2
[11:26:55] Fixed 2 duplicate /gene - manX_1 manX_2
[11:26:55] Fixed 2 duplicate /gene - gspK_1 gspK_2
[11:26:55] Fixed 6 duplicate /gene - xerC_1 xerC_2 xerC_3 xerC_4 xerC_5 xerC_6
[11:26:55] Fixed 5 duplicate /gene - rhaS_1 rhaS_2 rhaS_3 rhaS_4 rhaS_5
[11:26:55] Fixed 2 duplicate /gene - psuK_1 psuK_2
[11:26:55] Fixed 2 duplicate /gene - fimD_1 fimD_2
[11:26:55] Fixed 2 duplicate /gene - yrdA_1 yrdA_2
[11:26:55] Fixed 2 duplicate /gene - focC_1 focC_2
[11:26:55] Fixed 2 duplicate /gene - pduA_1 pduA_2
[11:26:55] Fixed 2 duplicate /gene - ycbV_1 ycbV_2
[11:26:55] Fixed 2 duplicate /gene - hokE_1 hokE_2
[11:26:55] Fixed 2 duplicate /gene - epsF_1 epsF_2
[11:26:55] Fixed 2 duplicate /gene - ssuC_1 ssuC_2
[11:26:55] Fixed 2 duplicate /gene - fliI_1 fliI_2
[11:26:55] Fixed 3 duplicate /gene - norR_1 norR_2 norR_3
[11:26:55] Fixed 3 duplicate /gene - fimA_1 fimA_2 fimA_3
[11:26:55] Fixed 3 duplicate /gene - dapH_1 dapH_2 dapH_3
[11:26:55] Fixed 2 duplicate /gene - ibpB_1 ibpB_2
[11:26:55] Fixed 2 duplicate /gene - ftnA_1 ftnA_2
[11:26:55] Fixed 3 duplicate /gene - elfC_1 elfC_2 elfC_3
[11:26:55] Fixed 2 duplicate /gene - yhcH_1 yhcH_2
[11:26:55] Fixed 2 duplicate /gene - fimF_1 fimF_2
[11:26:55] Fixed 2 duplicate /gene - ccmH_1 ccmH_2
[11:26:55] Fixed 2 duplicate /gene - flgC_1 flgC_2
[11:26:55] Fixed 2 duplicate /gene - lptG_1 lptG_2
[11:26:55] Fixed 3 duplicate /gene - clpV1_1 clpV1_2 clpV1_3
[11:26:55] Fixed 2 duplicate /gene - malP_1 malP_2
[11:26:55] Fixed 2 duplicate /gene - mlc_1 mlc_2
[11:26:55] Fixed 2 duplicate /gene - ybaQ_1 ybaQ_2
[11:26:55] Fixed 2 duplicate /gene - ydhX_1 ydhX_2
[11:26:55] Fixed 5 duplicate /gene - dnaG_1 dnaG_2 dnaG_3 dnaG_4 dnaG_5
[11:26:55] Fixed 2 duplicate /gene - ftsA_1 ftsA_2
[11:26:55] Fixed 2 duplicate /gene - acrR_1 acrR_2
[11:26:55] Fixed 2 duplicate /gene - yhaJ_1 yhaJ_2
[11:26:55] Fixed 2 duplicate /gene - bioD1_1 bioD1_2
[11:26:55] Fixed 2 duplicate /gene - lutA_1 lutA_2
[11:26:55] Fixed 2 duplicate /gene - ttdT_1 ttdT_2
[11:26:55] Fixed 3 duplicate /gene - bhsA_1 bhsA_2 bhsA_3
[11:26:55] Fixed 2 duplicate /gene - glgS_1 glgS_2
[11:26:55] Fixed 2 duplicate /gene - yhhT_1 yhhT_2
[11:26:55] Fixed 2 duplicate /gene - narL_1 narL_2
[11:26:55] Fixed 2 duplicate /gene - crr_1 crr_2
[11:26:55] Fixed 2 duplicate /gene - yjgL_1 yjgL_2
[11:26:55] Fixed 2 duplicate /gene - srmB_1 srmB_2
[11:26:55] Fixed 2 duplicate /gene - oleD_1 oleD_2
[11:26:55] Fixed 2 duplicate /gene - leuC_1 leuC_2
[11:26:55] Fixed 2 duplicate /gene - melR_1 melR_2
[11:26:55] Fixed 2 duplicate /gene - hyfB_1 hyfB_2
[11:26:55] Fixed 2 duplicate /gene - lgoT_1 lgoT_2
[11:26:55] Fixed 5 duplicate /gene - hyfA_1 hyfA_2 hyfA_3 hyfA_4 hyfA_5
[11:26:55] Fixed 2 duplicate /gene - arcC1_1 arcC1_2
[11:26:55] Fixed 2 duplicate /gene - acpP_1 acpP_2
[11:26:55] Fixed 2 duplicate /gene - flgE_1 flgE_2
[11:26:55] Fixed 3 duplicate /gene - ndhB_1 ndhB_2 ndhB_3
[11:26:55] Fixed 2 duplicate /gene - lldR_1 lldR_2
[11:26:55] Fixed 2 duplicate /gene - cutC_1 cutC_2
[11:26:55] Fixed 2 duplicate /gene - mipA_1 mipA_2
[11:26:55] Fixed 2 duplicate /gene - mltF_1 mltF_2
[11:26:55] Fixed 2 duplicate /gene - acrB_1 acrB_2
[11:26:55] Fixed 2 duplicate /gene - azoR_1 azoR_2
[11:26:55] Fixed 2 duplicate /gene - exuT_1 exuT_2
[11:26:55] Fixed 2 duplicate /gene - tilS_1 tilS_2
[11:26:55] Fixed 2 duplicate /gene - purR_1 purR_2
[11:26:55] Fixed 6 duplicate /gene - symE_1 symE_2 symE_3 symE_4 symE_5 symE_6
[11:26:55] Fixed 2 duplicate /gene - algC_1 algC_2
[11:26:55] Fixed 2 duplicate /gene - argE_1 argE_2
[11:26:55] Fixed 2 duplicate /gene - dmsB_1 dmsB_2
[11:26:55] Fixed 2 duplicate /gene - flgL_1 flgL_2
[11:26:55] Fixed 2 duplicate /gene - fliS_1 fliS_2
[11:26:55] Fixed 3 duplicate /gene - cynR_1 cynR_2 cynR_3
[11:26:55] Fixed 2 duplicate /gene - kduD_1 kduD_2
[11:26:55] Fixed 2 duplicate /gene - fliF_1 fliF_2
[11:26:55] Fixed 3 duplicate /gene - ldrD_1 ldrD_2 ldrD_3
[11:26:55] Fixed 2 duplicate /gene - ecfA1_1 ecfA1_2
[11:26:55] Fixed 2 duplicate /gene - rffH_1 rffH_2
[11:26:55] Fixed 2 duplicate /gene - ygiW_1 ygiW_2
[11:26:55] Fixed 2 duplicate /gene - rspA_1 rspA_2
[11:26:55] Fixed 2 duplicate /gene - trmH_1 trmH_2
[11:26:55] Fixed 2 duplicate /gene - ompN_1 ompN_2
[11:26:55] Fixed 2 duplicate /gene - fimH_1 fimH_2
[11:26:55] Fixed 2 duplicate /gene - ccmF_1 ccmF_2
[11:26:55] Fixed 2 duplicate /gene - fliP_1 fliP_2
[11:26:55] Fixed 2 duplicate /gene - lsrK_1 lsrK_2
[11:26:55] Fixed 2 duplicate /gene - caiT_1 caiT_2
[11:26:55] Fixed 2 duplicate /gene - sapB_1 sapB_2
[11:26:55] Fixed 2 duplicate /gene - caiA_1 caiA_2
[11:26:55] Fixed 2 duplicate /gene - mdh_1 mdh_2
[11:26:55] Fixed 2 duplicate /gene - ompA_1 ompA_2
[11:26:55] Fixed 2 duplicate /gene - dnaE_1 dnaE_2
[11:26:55] Fixed 2 duplicate /gene - prs_1 prs_2
[11:26:55] Fixed 2 duplicate /gene - srlB_1 srlB_2
[11:26:55] Fixed 2 duplicate /gene - pduV_1 pduV_2
[11:26:55] Fixed 2 duplicate /gene - yehB_1 yehB_2
[11:26:55] Fixed 2 duplicate /gene - yicJ_1 yicJ_2
[11:26:55] Fixed 2 duplicate /gene - yahB_1 yahB_2
[11:26:55] Fixed 2 duplicate /gene - chuR_1 chuR_2
[11:26:55] Fixed 2 duplicate /gene - lon_1 lon_2
[11:26:55] Fixed 2 duplicate /gene - dcuD_1 dcuD_2
[11:26:55] Fixed 3 duplicate /gene - fixX_1 fixX_2 fixX_3
[11:26:55] Fixed 3 duplicate /gene - gpFI_1 gpFI_2 gpFI_3
[11:26:55] Fixed 2 duplicate /gene - hlyE_1 hlyE_2
[11:26:55] Fixed 2 duplicate /gene - higB-2_1 higB-2_2
[11:26:55] Fixed 2 duplicate /gene - kefC_1 kefC_2
[11:26:55] Fixed 2 duplicate /gene - ndhI_1 ndhI_2
[11:26:55] Fixed 2 duplicate /gene - lapB_1 lapB_2
[11:26:55] Fixed 3 duplicate /gene - btuD_1 btuD_2 btuD_3
[11:26:55] Fixed 2 duplicate /gene - nanR_1 nanR_2
[11:26:55] Fixed 2 duplicate /gene - ybiI_1 ybiI_2
[11:26:55] Fixed 2 duplicate /gene - ydjF_1 ydjF_2
[11:26:55] Fixed 2 duplicate /gene - ytfJ_1 ytfJ_2
[11:26:55] Fixed 3 duplicate /gene - manZ_1 manZ_2 manZ_3
[11:26:55] Fixed 3 duplicate /gene - manP_1 manP_2 manP_3
[11:26:55] Fixed 2 duplicate /gene - kdgK_1 kdgK_2
[11:26:55] Fixed 2 duplicate /gene - flgG_1 flgG_2
[11:26:55] Fixed 2 duplicate /gene - pspB_1 pspB_2
[11:26:55] Fixed 2 duplicate /gene - ybgD_1 ybgD_2
[11:26:55] Fixed 2 duplicate /gene - aspT_1 aspT_2
[11:26:55] Fixed 2 duplicate /gene - adhE_1 adhE_2
[11:26:55] Fixed 2 duplicate /gene - cdgI_1 cdgI_2
[11:26:55] Fixed 2 duplicate /gene - chbC_1 chbC_2
[11:26:55] Fixed 5 duplicate /gene - dmlR_1 dmlR_2 dmlR_3 dmlR_4 dmlR_5
[11:26:55] Fixed 2 duplicate /gene - era_1 era_2
[11:26:55] Fixed 2 duplicate /gene - fliR_1 fliR_2
[11:26:55] Fixed 2 duplicate /gene - elfG_1 elfG_2
[11:26:55] Fixed 2 duplicate /gene - artM_1 artM_2
[11:26:55] Fixed 2 duplicate /gene - oxyR_1 oxyR_2
[11:26:55] Fixed 2 duplicate /gene - yiaW_1 yiaW_2
[11:26:55] Fixed 2 duplicate /gene - proA_1 proA_2
[11:26:55] Fixed 2 duplicate /gene - ygdR_1 ygdR_2
[11:26:55] Fixed 2 duplicate /gene - ybdO_1 ybdO_2
[11:26:55] Fixed 2 duplicate /gene - fdnH_1 fdnH_2
[11:26:55] Fixed 5 duplicate /gene - srlR_1 srlR_2 srlR_3 srlR_4 srlR_5
[11:26:55] Fixed 2 duplicate /gene - ulaE_1 ulaE_2
[11:26:55] Fixed 3 duplicate /gene - pncC_1 pncC_2 pncC_3
[11:26:55] Fixed 2 duplicate /gene - manC1_1 manC1_2
[11:26:55] Fixed 2 duplicate /gene - pdhR_1 pdhR_2
[11:26:55] Fixed 2 duplicate /gene - fryB_1 fryB_2
[11:26:55] Fixed 2 duplicate /gene - yggP_1 yggP_2
[11:26:55] Fixed 3 duplicate /gene - papC_1 papC_2 papC_3
[11:26:55] Fixed 2 duplicate /gene - deoB_1 deoB_2
[11:26:55] Fixed 2 duplicate /gene - fryA_1 fryA_2
[11:26:55] Fixed 2 duplicate /gene - rob_1 rob_2
[11:26:55] Fixed 2 duplicate /gene - hycG_1 hycG_2
[11:26:55] Fixed 2 duplicate /gene - mglA_1 mglA_2
[11:26:55] Fixed 2 duplicate /gene - lptB_1 lptB_2
[11:26:55] Fixed 2 duplicate /gene - pitA_1 pitA_2
[11:26:55] Fixed 2 duplicate /gene - rbsC_1 rbsC_2
[11:26:55] Fixed 2 duplicate /gene - cusC_1 cusC_2
[11:26:55] Fixed 2 duplicate /gene - astD_1 astD_2
[11:26:55] Fixed 2 duplicate /gene - msbA_1 msbA_2
[11:26:55] Fixed 2 duplicate /gene - bglA_1 bglA_2
[11:26:55] Fixed 2 duplicate /gene - fimG_1 fimG_2
[11:26:55] Fixed 2 duplicate /gene - chbA_1 chbA_2
[11:26:55] Fixed 2 duplicate /gene - intS_1 intS_2
[11:26:55] Fixed 2 duplicate /gene - bglF_1 bglF_2
[11:26:55] Fixed 2 duplicate /gene - nuoL_1 nuoL_2
[11:26:55] Fixed 2 duplicate /gene - lolD_1 lolD_2
[11:26:55] Fixed 2 duplicate /gene - papD_1 papD_2
[11:26:55] Fixed 2 duplicate /gene - sorB_1 sorB_2
[11:26:55] Fixed 2 duplicate /gene - fliE_1 fliE_2
[11:26:55] Fixed 2 duplicate /gene - fdrA_1 fdrA_2
[11:26:55] Fixed 2 duplicate /gene - murR_1 murR_2
[11:26:55] Fixed 2 duplicate /gene - gabP_1 gabP_2
[11:26:55] Fixed 2 duplicate /gene - fic_1 fic_2
[11:26:55] Fixed 2 duplicate /gene - sbmC_1 sbmC_2
[11:26:55] Fixed 2 duplicate /gene - fdhF_1 fdhF_2
[11:26:55] Fixed 2 duplicate /gene - cytR_1 cytR_2
[11:26:55] Fixed 2 duplicate /gene - phoH_1 phoH_2
[11:26:55] Fixed 2 duplicate /gene - yagU_1 yagU_2
[11:26:55] Fixed 2 duplicate /gene - flgI_1 flgI_2
[11:26:55] Fixed 2 duplicate /gene - fdnG_1 fdnG_2
[11:26:55] Fixed 2 duplicate /gene - agaC_1 agaC_2
[11:26:55] Fixed 2 duplicate /gene - topA_1 topA_2
[11:26:55] Fixed 2 duplicate /gene - mepS_1 mepS_2
[11:26:55] Fixed 2 duplicate /gene - glpG_1 glpG_2
[11:26:55] Fixed 3 duplicate /gene - ydcV_1 ydcV_2 ydcV_3
[11:26:55] Fixed 2 duplicate /gene - topB_1 topB_2
[11:26:55] Fixed 2 duplicate /gene - fliD_1 fliD_2
[11:26:55] Fixed 2 duplicate /gene - flhA_1 flhA_2
[11:26:55] Fixed 3 duplicate /gene - ldrA_1 ldrA_2 ldrA_3
[11:26:55] Fixed 7 duplicate /gene - rhaR_1 rhaR_2 rhaR_3 rhaR_4 rhaR_5 rhaR_6 rhaR_7
[11:26:55] Fixed 2 duplicate /gene - flgH_1 flgH_2
[11:26:55] Fixed 2 duplicate /gene - rlhA_1 rlhA_2
[11:26:55] Fixed 2 duplicate /gene - nagB_1 nagB_2
[11:26:55] Fixed 2 duplicate /gene - flhB_1 flhB_2
[11:26:55] Fixed 2 duplicate /gene - dam_1 dam_2
[11:26:55] Fixed 2 duplicate /gene - dnaK_1 dnaK_2
[11:26:55] Fixed 2 duplicate /gene - ydjE_1 ydjE_2
[11:26:55] Fixed 2 duplicate /gene - setC_1 setC_2
[11:26:55] Fixed 2 duplicate /gene - yihP_1 yihP_2
[11:26:55] Fixed 3 duplicate /gene - hcaR_1 hcaR_2 hcaR_3
[11:26:55] Fixed 3 duplicate /gene - potA_1 potA_2 potA_3
[11:26:55] Fixed 2 duplicate /gene - gfcB_1 gfcB_2
[11:26:55] Fixed 237 colliding /gene names.
[11:26:55] Adding /locus_tag identifiers
[11:26:55] Assigned 4598 locus_tags to CDS and RNA features.
[11:26:55] Writing outputs to ./Prokka_output/
[11:27:13] Generating annotation statistics file
[11:27:13] Generating Genbank and Sequin files
[11:27:13] Running: tbl2asn -V b -a r10k -l paired-ends -M n -N 1 -y 'Annotated using prokka 1.14.6 from https://github.com/tseemann/prokka' -Z \.\/Prokka_output\/PROKKA_03172024\.err -i \.\/Prokka_output\/PROKKA_03172024\.fsa 2> /dev/null
[11:27:27] Deleting unwanted file: ./Prokka_output/errorsummary.val
[11:27:27] Deleting unwanted file: ./Prokka_output/PROKKA_03172024.dr
[11:27:27] Deleting unwanted file: ./Prokka_output/PROKKA_03172024.fixedproducts
[11:27:27] Deleting unwanted file: ./Prokka_output/PROKKA_03172024.ecn
[11:27:27] Deleting unwanted file: ./Prokka_output/PROKKA_03172024.val
[11:27:27] Repairing broken .GBK output that tbl2asn produces...
[11:27:27] Running: sed 's/COORDINATES: profile/COORDINATES:profile/' < \.\/Prokka_output\/PROKKA_03172024\.gbf > \.\/Prokka_output\/PROKKA_03172024\.gbk
[11:27:27] Deleting unwanted file: ./Prokka_output/PROKKA_03172024.gbf
[11:27:27] Output files:
[11:27:27] ./Prokka_output/PROKKA_03172024.err
[11:27:27] ./Prokka_output/PROKKA_03172024.fsa
[11:27:27] ./Prokka_output/PROKKA_03172024.tsv
[11:27:27] ./Prokka_output/PROKKA_03172024.tbl
[11:27:27] ./Prokka_output/PROKKA_03172024.gbk
[11:27:27] ./Prokka_output/PROKKA_03172024.gff
[11:27:27] ./Prokka_output/PROKKA_03172024.faa
[11:27:27] ./Prokka_output/PROKKA_03172024.ffn
[11:27:27] ./Prokka_output/PROKKA_03172024.txt
[11:27:27] ./Prokka_output/PROKKA_03172024.sqn
[11:27:27] ./Prokka_output/PROKKA_03172024.log
[11:27:27] ./Prokka_output/PROKKA_03172024.fna
[11:27:27] Annotation finished successfully.
[11:27:27] Walltime used: 3.87 minutes
[11:27:27] If you use this result please cite the Prokka paper:
[11:27:27] Seemann T (2014) Prokka: rapid prokaryotic genome annotation. Bioinformatics. 30(14):2068-9.
[11:27:27] Type 'prokka --citation' for more details.
[11:27:27] Thank you, come again.
